nohup: 忽略输入
2025-04-09 18:31:30 [INFO] ts_benchmark.data.data_source(124): Start loading 1 series in parallel
2025-04-09 18:31:30 [INFO] ts_benchmark.data.data_source(133): Data loading finished.
2025-04-09 18:31:30 [INFO] ts_benchmark.data.suites.global_storage(40): Data server starting...
2025-04-09 18:31:30 [INFO] ts_benchmark.data.suites.global_storage(41): Start sending data to the global storage.
2025-04-09 18:31:30 [INFO] ts_benchmark.data.suites.global_storage(46): Notifying all workers to sync data from the global storage.
2025-04-09 18:31:30 [INFO] ts_benchmark.data.suites.global_storage(49): Data server started.
2025-04-09 18:31:30 [INFO] ts_benchmark.models.model_loader(98): Trying to load model ts_benchmark.baselines.duet.DUET
scheduling DUET:   0%|          | 0/1 [00:00<?, ?it/s]scheduling DUET: 100%|██████████| 1/1 [23:26<00:00, 1406.31s/it]scheduling DUET: 100%|██████████| 1/1 [23:26<00:00, 1406.31s/it]
{'CI': 1,
 'activation': 'gelu',
 'batch_size': 64,
 'c_out': 7,
 'capacity_factor': 1.25,
 'd_ff': 512,
 'd_layers': 1,
 'd_model': 512,
 'dec_in': 7,
 'dropout': 0.5,
 'e_layers': 1,
 'enc_in': 7,
 'factor': 3,
 'fc_dropout': 0.2,
 'freq': 's',
 'hidden_size': 256,
 'horizon': 96,
 'k': 2,
 'label_len': 256,
 'loss': 'MAE',
 'lr': 0.0005,
 'lradj': 'type1',
 'moving_avg': 25,
 'n_heads': 1,
 'noisy_gating': True,
 'norm': True,
 'num_epochs': 100,
 'num_experts': 4,
 'num_workers': 0,
 'output_attention': 0,
 'patch_len': 48,
 'patience': 5,
 'period_len': 4,
 'seg_len': 6,
 'seq_len': 512,
 'stride': 8,
 'win_size': 2}
{'CI': 1,
 'activation': 'gelu',
 'batch_size': 64,
 'c_out': 7,
 'capacity_factor': 1.25,
 'd_ff': 512,
 'd_layers': 1,
 'd_model': 512,
 'dec_in': 7,
 'dropout': 0.5,
 'e_layers': 1,
 'enc_in': 7,
 'factor': 3,
 'fc_dropout': 0.2,
 'freq': 's',
 'hidden_size': 256,
 'horizon': 96,
 'k': 2,
 'label_len': 256,
 'loss': 'MAE',
 'lr': 0.0005,
 'lradj': 'type1',
 'moving_avg': 25,
 'n_heads': 1,
 'noisy_gating': True,
 'norm': True,
 'num_epochs': 100,
 'num_experts': 4,
 'num_workers': 0,
 'output_attention': 0,
 'patch_len': 48,
 'patience': 5,
 'period_len': 4,
 'seg_len': 6,
 'seq_len': 512,
 'stride': 8,
 'win_size': 2}
{'CI': 1,
 'activation': 'gelu',
 'batch_size': 64,
 'c_out': 7,
 'capacity_factor': 1.25,
 'd_ff': 512,
 'd_layers': 1,
 'd_model': 512,
 'dec_in': 7,
 'dropout': 0.5,
 'e_layers': 1,
 'enc_in': 7,
 'factor': 3,
 'fc_dropout': 0.2,
 'freq': 's',
 'hidden_size': 256,
 'horizon': 96,
 'k': 2,
 'label_len': 256,
 'loss': 'MAE',
 'lr': 0.0005,
 'lradj': 'type1',
 'moving_avg': 25,
 'n_heads': 1,
 'noisy_gating': True,
 'norm': True,
 'num_epochs': 100,
 'num_experts': 4,
 'num_workers': 0,
 'output_attention': 0,
 'patch_len': 48,
 'patience': 5,
 'period_len': 4,
 'seg_len': 6,
 'seq_len': 512,
 'stride': 8,
 'win_size': 2}
{'CI': 1,
 'activation': 'gelu',
 'batch_size': 64,
 'c_out': 7,
 'capacity_factor': 1.25,
 'd_ff': 512,
 'd_layers': 1,
 'd_model': 512,
 'dec_in': 7,
 'dropout': 0.5,
 'e_layers': 1,
 'enc_in': 7,
 'factor': 3,
 'fc_dropout': 0.2,
 'freq': 's',
 'hidden_size': 256,
 'horizon': 96,
 'k': 2,
 'label_len': 256,
 'loss': 'MAE',
 'lr': 0.0005,
 'lradj': 'type1',
 'moving_avg': 25,
 'n_heads': 1,
 'noisy_gating': True,
 'norm': True,
 'num_epochs': 100,
 'num_experts': 4,
 'num_workers': 0,
 'output_attention': 0,
 'patch_len': 48,
 'patience': 5,
 'period_len': 4,
 'seg_len': 6,
 'seq_len': 512,
 'stride': 8,
 'win_size': 2}
{'CI': 1,
 'activation': 'gelu',
 'batch_size': 64,
 'c_out': 7,
 'capacity_factor': 1.25,
 'd_ff': 512,
 'd_layers': 1,
 'd_model': 512,
 'dec_in': 7,
 'dropout': 0.5,
 'e_layers': 1,
 'enc_in': 7,
 'factor': 3,
 'fc_dropout': 0.2,
 'freq': 's',
 'hidden_size': 256,
 'horizon': 96,
 'k': 2,
 'label_len': 256,
 'loss': 'MAE',
 'lr': 0.0005,
 'lradj': 'type1',
 'moving_avg': 25,
 'n_heads': 1,
 'noisy_gating': True,
 'norm': True,
 'num_epochs': 100,
 'num_experts': 4,
 'num_workers': 0,
 'output_attention': 0,
 'patch_len': 48,
 'patience': 5,
 'period_len': 4,
 'seg_len': 6,
 'seq_len': 512,
 'stride': 8,
 'win_size': 2}
---------------------------------------------------------- DUET
Total trainable parameters: 4585087
Validation loss decreased (inf --> 0.428454).  Saving model ...
Updating learning rate to 0.0005
Validation loss decreased (0.428454 --> 0.420225).  Saving model ...
Updating learning rate to 0.00025
Validation loss decreased (0.420225 --> 0.413099).  Saving model ...
Updating learning rate to 0.000125
Validation loss decreased (0.413099 --> 0.408227).  Saving model ...
Updating learning rate to 6.25e-05
Validation loss decreased (0.408227 --> 0.405045).  Saving model ...
Updating learning rate to 3.125e-05
Validation loss decreased (0.405045 --> 0.403439).  Saving model ...
Updating learning rate to 1.5625e-05
EarlyStopping counter: 1 out of 5
Updating learning rate to 7.8125e-06
EarlyStopping counter: 2 out of 5
Updating learning rate to 3.90625e-06
EarlyStopping counter: 3 out of 5
Updating learning rate to 1.953125e-06
EarlyStopping counter: 4 out of 5
Updating learning rate to 9.765625e-07
EarlyStopping counter: 5 out of 5
Model checkpoint saved to: ./model_checkpoints/DUET_best_20250409_185401.pth
collecting DUET:   0%|          | 0/1 [00:00<?, ?it/s]collecting DUET: 100%|██████████| 1/1 [00:00<00:00, 35848.75it/s]collecting DUET: 100%|██████████| 1/1 [00:00<00:00, 7543.71it/s] 
2025-04-09 18:54:57 [INFO] ts_benchmark.recording(103): loading log file /home/stu/DUET_TC/result/ETTm1/DUET/DUET.1744196097.10.26.57.12.3634638.csv.tar.gz
